<?xml version="1.0" encoding="UTF-8"?>
<testng-results skipped="0" failed="0" total="0" passed="0">
  <reporter-output>
  </reporter-output>
  <suite name="Cucumber Framework" duration-ms="327483" started-at="2018-07-10T06:22:27Z" finished-at="2018-07-10T06:27:54Z">
    <groups>
    </groups>
    <test name="Cucumber Tests" duration-ms="327483" started-at="2018-07-10T06:22:27Z" finished-at="2018-07-10T06:27:54Z">
    </test> <!-- Cucumber Tests -->
  </suite> <!-- Cucumber Framework -->
</testng-results>
