<?xml version="1.0" encoding="UTF-8"?>
<testng-results skipped="0" failed="0" ignored="0" total="1" passed="1">
  <reporter-output>
  </reporter-output>
  <suite name="Cucumber Framework" duration-ms="98564" started-at="2018-07-30T02:10:11Z" finished-at="2018-07-30T02:11:49Z">
    <groups>
      <group name="cucumber">
        <method signature="AbstractTestNGCucumberTests.feature(cucumber.api.testng.CucumberFeatureWrapper)[pri:0, instance:logionframework.runner.runnerScenarioOutline@3327bd23]" name="feature" class="cucumber.api.testng.AbstractTestNGCucumberTests"/>
      </group> <!-- cucumber -->
    </groups>
    <test name="Cucumber Tests" duration-ms="98564" started-at="2018-07-30T02:10:11Z" finished-at="2018-07-30T02:11:49Z">
      <class name="logionframework.runner.runnerScenarioOutline">
        <test-method status="PASS" signature="setUpClass()[pri:0, instance:logionframework.runner.runnerScenarioOutline@3327bd23]" name="setUpClass" is-config="true" duration-ms="1126" started-at="2018-07-30T02:10:11Z" finished-at="2018-07-30T02:10:12Z">
          <reporter-output>
          </reporter-output>
        </test-method> <!-- setUpClass -->
        <test-method status="PASS" signature="feature(cucumber.api.testng.CucumberFeatureWrapper)[pri:0, instance:logionframework.runner.runnerScenarioOutline@3327bd23]" name="feature" duration-ms="95550" started-at="2018-07-30T02:10:12Z" description="Runs Cucumber Feature" data-provider="features" finished-at="2018-07-30T02:11:48Z">
          <params>
            <param index="0">
              <value>
                <![CDATA[Login to account]]>
              </value>
            </param>
          </params>
          <reporter-output>
          </reporter-output>
        </test-method> <!-- feature -->
        <test-method status="PASS" signature="tearDownClass()[pri:0, instance:logionframework.runner.runnerScenarioOutline@3327bd23]" name="tearDownClass" is-config="true" duration-ms="1474" started-at="2018-07-30T02:11:48Z" finished-at="2018-07-30T02:11:49Z">
          <reporter-output>
          </reporter-output>
        </test-method> <!-- tearDownClass -->
      </class> <!-- logionframework.runner.runnerScenarioOutline -->
    </test> <!-- Cucumber Tests -->
  </suite> <!-- Cucumber Framework -->
</testng-results>
